1691597703293	geckodriver	INFO	Listening on 127.0.0.1:52820
1691597706304	mozrunner::runner	INFO	Running command: "C:\\Program Files\\Mozilla Firefox\\firefox.exe" "--marionette" "--remote-debugging-port" "52821" "--remote-allow-hosts" "localhost" "-no-remote" "-profile" "C:\\Users\\siyav\\AppData\\Local\\Temp\\rust_mozprofileeB3Gzy"
console.warn: services.settings: Ignoring preference override of remote settings server
console.warn: services.settings: Allow by setting MOZ_REMOTE_SETTINGS_DEVTOOLS=1 in the environment
1691597707038	Marionette	INFO	Marionette enabled
Dynamically enable window occlusion 0
1691597707138	Marionette	INFO	Listening on port 52830
WebDriver BiDi listening on ws://127.0.0.1:52821
Read port: 52830
1691597707465	RemoteAgent	WARN	TLS certificate errors will be ignored for this session
DevTools listening on ws://127.0.0.1:52821/devtools/browser/b823998b-753d-4c6c-aeda-0c319bafa064
JavaScript error: http://selenium1py.pythonanywhere.com/ru/, line 374: ReferenceError: oscar is not defined
1691597711888	Marionette	INFO	Stopped listening on port 52830
Dynamically enable window occlusion 1
[Parent 18260, IPC I/O Parent] WARNING: DuplicateHandle failed for handle 0 in TransferHandles: file /builds/worker/checkouts/gecko/ipc/chromium/src/chrome/common/ipc_channel_win.cc:621
[GPU 15376, IPC I/O Child] WARNING: pipe error: 232: file /builds/worker/checkouts/gecko/ipc/chromium/src/chrome/common/ipc_channel_win.cc:443
[Parent 18260, IPC I/O Parent] WARNING: DuplicateHandle failed for handle 0 in TransferHandles: file /builds/worker/checkouts/gecko/ipc/chromium/src/chrome/common/ipc_channel_win.cc:621
[GPU 15376, IPC I/O Child] WARNING: pipe error: 232: file /builds/worker/checkouts/gecko/ipc/chromium/src/chrome/common/ipc_channel_win.cc:443
[Parent 18260, IPC I/O Parent] WARNING: DuplicateHandle failed for handle 0 in TransferHandles: file /builds/worker/checkouts/gecko/ipc/chromium/src/chrome/common/ipc_channel_win.cc:621
[GPU 15376, IPC I/O Child] WARNING: pipe error: 232: file /builds/worker/checkouts/gecko/ipc/chromium/src/chrome/common/ipc_channel_win.cc:443
[Parent 18260, IPC I/O Parent] WARNING: DuplicateHandle failed for handle 0 in TransferHandles: file /builds/worker/checkouts/gecko/ipc/chromium/src/chrome/common/ipc_channel_win.cc:621
[GPU 15376, IPC I/O Child] WARNING: pipe error: 232: file /builds/worker/checkouts/gecko/ipc/chromium/src/chrome/common/ipc_channel_win.cc:443
[Parent 18260, IPC I/O Parent] WARNING: DuplicateHandle failed for handle 0 in TransferHandles: file /builds/worker/checkouts/gecko/ipc/chromium/src/chrome/common/ipc_channel_win.cc:621
[GPU 15376, IPC I/O Child] WARNING: pipe error: 232: file /builds/worker/checkouts/gecko/ipc/chromium/src/chrome/common/ipc_channel_win.cc:443
